d 5 9
d 5 1
d 7 3
d 8 6
d 6 1
d 5 5
d 8 2
d 5 4
d 10 10
d 6 8
d 5 3
d 1 10
d 4 1
d 4 6
d 8 5
d 8 7
d 3 5
d 6 7
d 3 2
d 1 2
d 8 1
d 10 5
d 6 3
d 6 2
d 8 8
d 8 9
d 6 10
d 3 8
d 8 3
d 6 4
d 8 10
d 10 2
d 3 1
d 4 2
d 4 3
d 10 8
d 4 7
d 1 1
d 1 6
d 3 9
d 3 7
d 4 9
d 10 6
d 1 7
d 3 4
d 3 6
d 4 10
d 9 9
d 10 3
d 4 5
d 4 8
d 1 4
d 3 10
d 10 9
d 3 3
d 1 3
d 10 7
d 1 9
d 5 6
d 10 4
d 7 10
d 1 8
d 9 2
d 9 8
d 9 3
d 9 5
d 1 5
d 7 7
d 9 1
d 9 10
d 9 6
d 4 4
d 7 5
d 9 4
d 9 7
d 7 4
d 7 2
d 7 6
d 7 1
d 5 10
d 8 4
d 5 2
d 5 8
d 5 7
d 6 9
d 10 1
d 6 6
d 6 5
d 7 9
d 7 8
d 11 3
d 11 9
d 11 7
d 11 1
d 11 4
d 11 5
d 11 6
d 11 10
d 11 2
d 11 8
d 12 10
d 12 2
d 12 1
d 12 7
d 12 6
d 12 9
d 12 3
d 12 8
d 12 4
d 12 5
d 13 7
d 13 5
d 13 1
d 13 3
d 13 4
d 13 10
d 13 8
d 13 9
d 13 2
d 13 6
